Start testing: Mar 23 15:12 UTC
----------------------------------------------------------
15/15 Testing: WordleTests.RespuestaEnStrTodoLugarIncorrecto
15/15 Test: WordleTests.RespuestaEnStrTodoLugarIncorrecto
Command: "/workspaces/wordle/build/tests" "--gtest_filter=WordleTests.RespuestaEnStrTodoLugarIncorrecto" "--gtest_also_run_disabled_tests"
Directory: /workspaces/wordle/build
"WordleTests.RespuestaEnStrTodoLugarIncorrecto" start time: Mar 23 15:12 UTC
Output:
----------------------------------------------------------
Running main() from /workspaces/wordle/build/_deps/googletest-src/googletest/src/gtest_main.cc
Note: Google Test filter = WordleTests.RespuestaEnStrTodoLugarIncorrecto
[==========] Running 1 test from 1 test suite.
[----------] Global test environment set-up.
[----------] 1 test from WordleTests
[ RUN      ] WordleTests.RespuestaEnStrTodoLugarIncorrecto
[       OK ] WordleTests.RespuestaEnStrTodoLugarIncorrecto (0 ms)
[----------] 1 test from WordleTests (0 ms total)

[----------] Global test environment tear-down
[==========] 1 test from 1 test suite ran. (1 ms total)
[  PASSED  ] 1 test.
<end of output>
Test time =   0.09 sec
----------------------------------------------------------
Test Passed.
"WordleTests.RespuestaEnStrTodoLugarIncorrecto" end time: Mar 23 15:12 UTC
"WordleTests.RespuestaEnStrTodoLugarIncorrecto" time elapsed: 00:00:00
----------------------------------------------------------

End testing: Mar 23 15:12 UTC
