<?xml version="1.0" encoding="UTF-8"?>
<Site BuildName="(empty)"
	BuildStamp="20250323-1447-Experimental"
	Name="(empty)"
	Generator="ctest-3.22.1"
	CompilerName=""
	CompilerVersion=""
	OSName="Linux"
	Hostname="a5edfcae0def"
	OSRelease="5.15.167.4-microsoft-standard-WSL2"
	OSVersion="#1 SMP Tue Nov 5 00:21:55 UTC 2024"
	OSPlatform="x86_64"
	Is64Bits="1"
	VendorString="GenuineIntel"
	VendorID="Intel Corporation"
	FamilyID="6"
	ModelID="142"
	ProcessorCacheSize="3072"
	NumberOfLogicalCPU="4"
	NumberOfPhysicalCPU="2"
	TotalVirtualMemory="1024"
	TotalPhysicalMemory="3840"
	LogicalProcessorsPerPhysical="2"
	ProcessorClockFrequency="2712"
	>
	<Testing>
		<StartDateTime>Mar 23 15:21 UTC</StartDateTime>
		<StartTestTime>1742743319</StartTestTime>
		<TestList>
			<Test>./WordleTests.RespuestaEnStrTodoLugarIncorrecto</Test>
		</TestList>
		<Test Status="passed">
			<Name>WordleTests.RespuestaEnStrTodoLugarIncorrecto</Name>
			<Path>.</Path>
			<FullName>./WordleTests.RespuestaEnStrTodoLugarIncorrecto</FullName>
			<FullCommandLine>/workspaces/wordle/build/tests "--gtest_filter=WordleTests.RespuestaEnStrTodoLugarIncorrecto" "--gtest_also_run_disabled_tests"</FullCommandLine>
			<Results>
				<NamedMeasurement type="numeric/double" name="Execution Time">
					<Value>0.0362935</Value>
				</NamedMeasurement>
				<NamedMeasurement type="numeric/double" name="Processors">
					<Value>1</Value>
				</NamedMeasurement>
				<NamedMeasurement type="text/string" name="Completion Status">
					<Value>Completed</Value>
				</NamedMeasurement>
				<NamedMeasurement type="text/string" name="Command Line">
					<Value>/workspaces/wordle/build/tests "--gtest_filter=WordleTests.RespuestaEnStrTodoLugarIncorrecto" "--gtest_also_run_disabled_tests"</Value>
				</NamedMeasurement>
				<NamedMeasurement type="text/string" name="Environment">
					<Value>#CTEST_RESOURCE_GROUP_COUNT=</Value>
				</NamedMeasurement>
				<Measurement>
					<Value encoding="base64" compression="gzip">eJyVUMFqwzAMvfsrdGwOSbbroIfBSikb3Ug6dgihuI4azBwr2PL6+4uTUtLBoNXpyXp6en5FsFbbFjqp7SKBo6MO8hO5b99LhT7CxmB+CNo0+b7B3uctUWuQ0XPqnZq1+dhGtI9ymVJiS4xPsB4psBsmcNSG0cESvkbl+OazAn0fBiRXtmS3o4beQivdxipyDhWTqJaXqqE4m34EHiWj6TP2QTNmokovVcPa0EGaaY72RzuyHdqBi5yG/g95rjmzKCooPrcwVn2v92kN3l/vXYXFA3Q+ucnhxAUmliYRtyXAKF3a0Mle5/tfruCkza7vDH/7eC7L1UuMZeJm4hc7CMb3====</Value>
				</Measurement>
			</Results>
		</Test>
		<EndDateTime>Mar 23 15:21 UTC</EndDateTime>
		<EndTestTime>1742743319</EndTestTime>
		<ElapsedMinutes>0</ElapsedMinutes>
	</Testing>
</Site>
